Release 14.7 - xst P.20131013 (nt64)
Copyright (c) 1995-2013 Xilinx, Inc.  All rights reserved.
--> Parameter TMPDIR set to xst/projnav.tmp


Total REAL time to Xst completion: 0.00 secs
Total CPU time to Xst completion: 0.12 secs
 
--> Parameter xsthdpdir set to xst


Total REAL time to Xst completion: 0.00 secs
Total CPU time to Xst completion: 0.12 secs
 
--> Reading design: fsm_led.prj

TABLE OF CONTENTS
  1) Synthesis Options Summary
  2) HDL Compilation
  3) Design Hierarchy Analysis
  4) HDL Analysis
  5) HDL Synthesis
     5.1) HDL Synthesis Report
  6) Advanced HDL Synthesis
     6.1) Advanced HDL Synthesis Report
  7) Low Level Synthesis
  8) Partition Report
  9) Final Report
	9.1) Device utilization summary
	9.2) Partition Resource Summary
	9.3) TIMING REPORT


=========================================================================
*                      Synthesis Options Summary                        *
=========================================================================
---- Source Parameters
Input File Name                    : "fsm_led.prj"
Input Format                       : mixed
Ignore Synthesis Constraint File   : NO

---- Target Parameters
Output File Name                   : "fsm_led"
Output Format                      : NGC
Target Device                      : xc3s500e-4-fg320

---- Source Options
Top Module Name                    : fsm_led
Automatic FSM Extraction           : YES
FSM Encoding Algorithm             : Auto
Safe Implementation                : No
FSM Style                          : LUT
RAM Extraction                     : Yes
RAM Style                          : Auto
ROM Extraction                     : Yes
Mux Style                          : Auto
Decoder Extraction                 : YES
Priority Encoder Extraction        : Yes
Shift Register Extraction          : YES
Logical Shifter Extraction         : YES
XOR Collapsing                     : YES
ROM Style                          : Auto
Mux Extraction                     : Yes
Resource Sharing                   : YES
Asynchronous To Synchronous        : NO
Multiplier Style                   : Auto
Automatic Register Balancing       : No

---- Target Options
Add IO Buffers                     : YES
Global Maximum Fanout              : 100000
Add Generic Clock Buffer(BUFG)     : 24
Register Duplication               : YES
Slice Packing                      : YES
Optimize Instantiated Primitives   : NO
Use Clock Enable                   : Yes
Use Synchronous Set                : Yes
Use Synchronous Reset              : Yes
Pack IO Registers into IOBs        : Auto
Equivalent register Removal        : YES

---- General Options
Optimization Goal                  : Speed
Optimization Effort                : 1
Keep Hierarchy                     : No
Netlist Hierarchy                  : As_Optimized
RTL Output                         : Yes
Global Optimization                : AllClockNets
Read Cores                         : YES
Write Timing Constraints           : NO
Cross Clock Analysis               : NO
Hierarchy Separator                : /
Bus Delimiter                      : <>
Case Specifier                     : Maintain
Slice Utilization Ratio            : 100
BRAM Utilization Ratio             : 100
Verilog 2001                       : YES
Auto BRAM Packing                  : NO
Slice Utilization Ratio Delta      : 5

=========================================================================


=========================================================================
*                          HDL Compilation                              *
=========================================================================
Compiling vhdl file "F:/ise_proj/butter/fsm_butterfly.vhd" in Library work.
Architecture behavior1 of Entity fsm_led is up to date.

=========================================================================
*                     Design Hierarchy Analysis                         *
=========================================================================
Analyzing hierarchy for entity <fsm_led> in library <work> (architecture <behavior1>).


=========================================================================
*                            HDL Analysis                               *
=========================================================================
Analyzing Entity <fsm_led> in library <work> (Architecture <behavior1>).
Entity <fsm_led> analyzed. Unit <fsm_led> generated.


=========================================================================
*                           HDL Synthesis                               *
=========================================================================

Performing bidirectional port resolution...

Synthesizing Unit <fsm_led>.
    Related source file is "F:/ise_proj/butter/fsm_butterfly.vhd".
    Found finite state machine <FSM_0> for signal <state>.
    -----------------------------------------------------------------------
    | States             | 5                                              |
    | Transitions        | 5                                              |
    | Inputs             | 0                                              |
    | Outputs            | 5                                              |
    | Clock              | clk                       (rising_edge)        |
    | Clock enable       | state$cmp_eq0000          (positive)           |
    | Reset              | rst                       (positive)           |
    | Reset type         | synchronous                                    |
    | Reset State        | s0                                             |
    | Power Up State     | s0                                             |
    | Encoding           | automatic                                      |
    | Implementation     | LUT                                            |
    -----------------------------------------------------------------------
    Found 6-bit register for signal <Q>.
    Found 32-bit up counter for signal <count>.
    Found 32-bit adder for signal <state$add0000> created at line 32.
    Summary:
	inferred   1 Finite State Machine(s).
	inferred   1 Counter(s).
	inferred   6 D-type flip-flop(s).
	inferred   1 Adder/Subtractor(s).
Unit <fsm_led> synthesized.


=========================================================================
HDL Synthesis Report

Macro Statistics
# Adders/Subtractors                                   : 1
 32-bit adder                                          : 1
# Counters                                             : 1
 32-bit up counter                                     : 1
# Registers                                            : 1
 6-bit register                                        : 1

=========================================================================

=========================================================================
*                       Advanced HDL Synthesis                          *
=========================================================================

Analyzing FSM <FSM_0> for best encoding.
Optimizing FSM <state/FSM> on signal <state[1:5]> with one-hot encoding.
-------------------
 State | Encoding
-------------------
 s0    | 00001
 s1    | 00010
 s2    | 00100
 s3    | 01000
 s4    | 10000
-------------------

=========================================================================
Advanced HDL Synthesis Report

Macro Statistics
# FSMs                                                 : 1
# Adders/Subtractors                                   : 1
 32-bit adder                                          : 1
# Counters                                             : 1
 32-bit up counter                                     : 1
# Registers                                            : 6
 Flip-Flops                                            : 6

=========================================================================

=========================================================================
*                         Low Level Synthesis                           *
=========================================================================
INFO:Xst:2261 - The FF/Latch <Q_2> in Unit <fsm_led> is equivalent to the following FF/Latch, which will be removed : <Q_3> 
INFO:Xst:2261 - The FF/Latch <Q_0> in Unit <fsm_led> is equivalent to the following FF/Latch, which will be removed : <Q_5> 
INFO:Xst:2261 - The FF/Latch <Q_1> in Unit <fsm_led> is equivalent to the following FF/Latch, which will be removed : <Q_4> 
INFO:Xst:2261 - The FF/Latch <state_FSM_FFd2> in Unit <fsm_led> is equivalent to the following FF/Latch, which will be removed : <Q_2> 

Optimizing unit <fsm_led> ...

Mapping all equations...
Building and optimizing final netlist ...
Found area constraint ratio of 100 (+ 5) on block fsm_led, actual ratio is 1.

Final Macro Processing ...

=========================================================================
Final Register Report

Macro Statistics
# Registers                                            : 39
 Flip-Flops                                            : 39

=========================================================================

=========================================================================
*                           Partition Report                            *
=========================================================================

Partition Implementation Status
-------------------------------

  No Partitions were found in this design.

-------------------------------

=========================================================================
*                            Final Report                               *
=========================================================================
Final Results
RTL Top Level Output File Name     : fsm_led.ngr
Top Level Output File Name         : fsm_led
Output Format                      : NGC
Optimization Goal                  : Speed
Keep Hierarchy                     : No

Design Statistics
# IOs                              : 8

Cell Usage :
# BELS                             : 211
#      GND                         : 1
#      INV                         : 2
#      LUT1                        : 62
#      LUT2                        : 3
#      LUT4                        : 8
#      MUXCY                       : 70
#      VCC                         : 1
#      XORCY                       : 64
# FlipFlops/Latches                : 39
#      FDR                         : 32
#      FDRE                        : 5
#      FDSE                        : 2
# Clock Buffers                    : 1
#      BUFGP                       : 1
# IO Buffers                       : 7
#      IBUF                        : 1
#      OBUF                        : 6
=========================================================================

Device utilization summary:
---------------------------

Selected Device : 3s500efg320-4 

 Number of Slices:                       55  out of   4656     1%  
 Number of Slice Flip Flops:             39  out of   9312     0%  
 Number of 4 input LUTs:                 75  out of   9312     0%  
 Number of IOs:                           8
 Number of bonded IOBs:                   8  out of    232     3%  
 Number of GCLKs:                         1  out of     24     4%  

---------------------------
Partition Resource Summary:
---------------------------

  No Partitions were found in this design.

---------------------------


=========================================================================
TIMING REPORT

NOTE: THESE TIMING NUMBERS ARE ONLY A SYNTHESIS ESTIMATE.
      FOR ACCURATE TIMING INFORMATION PLEASE REFER TO THE TRACE REPORT
      GENERATED AFTER PLACE-and-ROUTE.

Clock Information:
------------------
-----------------------------------+------------------------+-------+
Clock Signal                       | Clock buffer(FF name)  | Load  |
-----------------------------------+------------------------+-------+
clk                                | BUFGP                  | 39    |
-----------------------------------+------------------------+-------+

Asynchronous Control Signals Information:
----------------------------------------
No asynchronous control signals found in this design

Timing Summary:
---------------
Speed Grade: -4

   Minimum period: 10.473ns (Maximum Frequency: 95.482MHz)
   Minimum input arrival time before clock: 5.027ns
   Maximum output required time after clock: 4.450ns
   Maximum combinational path delay: No path found

Timing Detail:
--------------
All values displayed in nanoseconds (ns)

=========================================================================
Timing constraint: Default period analysis for Clock 'clk'
  Clock period: 10.473ns (frequency: 95.482MHz)
  Total number of paths / destination ports: 21129 / 78
-------------------------------------------------------------------------
Delay:               10.473ns (Levels of Logic = 35)
  Source:            count_1 (FF)
  Destination:       count_0 (FF)
  Source Clock:      clk rising
  Destination Clock: clk rising

  Data Path: count_1 to count_0
                                Gate     Net
    Cell:in->out      fanout   Delay   Delay  Logical Name (Net Name)
    ----------------------------------------  ------------
     FDR:C->Q              2   0.591   0.622  count_1 (count_1)
     LUT1:I0->O            1   0.704   0.000  Madd_state_add0000_cy<1>_rt (Madd_state_add0000_cy<1>_rt)
     MUXCY:S->O            1   0.464   0.000  Madd_state_add0000_cy<1> (Madd_state_add0000_cy<1>)
     MUXCY:CI->O           1   0.059   0.000  Madd_state_add0000_cy<2> (Madd_state_add0000_cy<2>)
     MUXCY:CI->O           1   0.059   0.000  Madd_state_add0000_cy<3> (Madd_state_add0000_cy<3>)
     MUXCY:CI->O           1   0.059   0.000  Madd_state_add0000_cy<4> (Madd_state_add0000_cy<4>)
     MUXCY:CI->O           1   0.059   0.000  Madd_state_add0000_cy<5> (Madd_state_add0000_cy<5>)
     MUXCY:CI->O           1   0.059   0.000  Madd_state_add0000_cy<6> (Madd_state_add0000_cy<6>)
     MUXCY:CI->O           1   0.059   0.000  Madd_state_add0000_cy<7> (Madd_state_add0000_cy<7>)
     MUXCY:CI->O           1   0.059   0.000  Madd_state_add0000_cy<8> (Madd_state_add0000_cy<8>)
     MUXCY:CI->O           1   0.059   0.000  Madd_state_add0000_cy<9> (Madd_state_add0000_cy<9>)
     MUXCY:CI->O           1   0.059   0.000  Madd_state_add0000_cy<10> (Madd_state_add0000_cy<10>)
     MUXCY:CI->O           1   0.059   0.000  Madd_state_add0000_cy<11> (Madd_state_add0000_cy<11>)
     MUXCY:CI->O           1   0.059   0.000  Madd_state_add0000_cy<12> (Madd_state_add0000_cy<12>)
     MUXCY:CI->O           1   0.059   0.000  Madd_state_add0000_cy<13> (Madd_state_add0000_cy<13>)
     MUXCY:CI->O           1   0.059   0.000  Madd_state_add0000_cy<14> (Madd_state_add0000_cy<14>)
     MUXCY:CI->O           1   0.059   0.000  Madd_state_add0000_cy<15> (Madd_state_add0000_cy<15>)
     MUXCY:CI->O           1   0.059   0.000  Madd_state_add0000_cy<16> (Madd_state_add0000_cy<16>)
     MUXCY:CI->O           1   0.059   0.000  Madd_state_add0000_cy<17> (Madd_state_add0000_cy<17>)
     MUXCY:CI->O           1   0.059   0.000  Madd_state_add0000_cy<18> (Madd_state_add0000_cy<18>)
     MUXCY:CI->O           1   0.059   0.000  Madd_state_add0000_cy<19> (Madd_state_add0000_cy<19>)
     MUXCY:CI->O           1   0.059   0.000  Madd_state_add0000_cy<20> (Madd_state_add0000_cy<20>)
     MUXCY:CI->O           1   0.059   0.000  Madd_state_add0000_cy<21> (Madd_state_add0000_cy<21>)
     MUXCY:CI->O           1   0.059   0.000  Madd_state_add0000_cy<22> (Madd_state_add0000_cy<22>)
     MUXCY:CI->O           1   0.059   0.000  Madd_state_add0000_cy<23> (Madd_state_add0000_cy<23>)
     MUXCY:CI->O           1   0.059   0.000  Madd_state_add0000_cy<24> (Madd_state_add0000_cy<24>)
     MUXCY:CI->O           1   0.059   0.000  Madd_state_add0000_cy<25> (Madd_state_add0000_cy<25>)
     MUXCY:CI->O           1   0.059   0.000  Madd_state_add0000_cy<26> (Madd_state_add0000_cy<26>)
     MUXCY:CI->O           1   0.059   0.000  Madd_state_add0000_cy<27> (Madd_state_add0000_cy<27>)
     MUXCY:CI->O           1   0.059   0.000  Madd_state_add0000_cy<28> (Madd_state_add0000_cy<28>)
     MUXCY:CI->O           1   0.059   0.000  Madd_state_add0000_cy<29> (Madd_state_add0000_cy<29>)
     MUXCY:CI->O           0   0.059   0.000  Madd_state_add0000_cy<30> (Madd_state_add0000_cy<30>)
     XORCY:CI->O           1   0.804   0.424  Madd_state_add0000_xor<31> (state_add0000<31>)
     LUT4:I3->O            1   0.704   0.000  state_cmp_eq0000_wg_lut<7> (state_cmp_eq0000_wg_lut<7>)
     MUXCY:S->O            8   0.736   0.836  state_cmp_eq0000_wg_cy<7> (state_cmp_eq0000)
     LUT2:I1->O           32   0.704   1.262  count_or00001 (count_or0000)
     FDR:R                     0.911          count_0
    ----------------------------------------
    Total                     10.473ns (7.329ns logic, 3.144ns route)
                                       (70.0% logic, 30.0% route)

=========================================================================
Timing constraint: Default OFFSET IN BEFORE for Clock 'clk'
  Total number of paths / destination ports: 39 / 39
-------------------------------------------------------------------------
Offset:              5.027ns (Levels of Logic = 2)
  Source:            rst (PAD)
  Destination:       count_0 (FF)
  Destination Clock: clk rising

  Data Path: rst to count_0
                                Gate     Net
    Cell:in->out      fanout   Delay   Delay  Logical Name (Net Name)
    ----------------------------------------  ------------
     IBUF:I->O             8   1.218   0.932  rst_IBUF (rst_IBUF)
     LUT2:I0->O           32   0.704   1.262  count_or00001 (count_or0000)
     FDR:R                     0.911          count_0
    ----------------------------------------
    Total                      5.027ns (2.833ns logic, 2.194ns route)
                                       (56.4% logic, 43.6% route)

=========================================================================
Timing constraint: Default OFFSET OUT AFTER for Clock 'clk'
  Total number of paths / destination ports: 6 / 6
-------------------------------------------------------------------------
Offset:              4.450ns (Levels of Logic = 1)
  Source:            state_FSM_FFd2 (FF)
  Destination:       Q<3> (PAD)
  Source Clock:      clk rising

  Data Path: state_FSM_FFd2 to Q<3>
                                Gate     Net
    Cell:in->out      fanout   Delay   Delay  Logical Name (Net Name)
    ----------------------------------------  ------------
     FDRE:C->Q             4   0.591   0.587  state_FSM_FFd2 (state_FSM_FFd2)
     OBUF:I->O                 3.272          Q_3_OBUF (Q<3>)
    ----------------------------------------
    Total                      4.450ns (3.863ns logic, 0.587ns route)
                                       (86.8% logic, 13.2% route)

=========================================================================


Total REAL time to Xst completion: 5.00 secs
Total CPU time to Xst completion: 4.88 secs
 
--> 

Total memory usage is 4514640 kilobytes

Number of errors   :    0 (   0 filtered)
Number of warnings :    0 (   0 filtered)
Number of infos    :    4 (   0 filtered)

