Release 14.7 - xst P.20131013 (nt64)
Copyright (c) 1995-2013 Xilinx, Inc.  All rights reserved.
--> Parameter TMPDIR set to xst/projnav.tmp


Total REAL time to Xst completion: 0.00 secs
Total CPU time to Xst completion: 0.08 secs
 
--> Parameter xsthdpdir set to xst


Total REAL time to Xst completion: 0.00 secs
Total CPU time to Xst completion: 0.08 secs
 
--> Reading design: johnson_leds.prj

TABLE OF CONTENTS
  1) Synthesis Options Summary
  2) HDL Compilation
  3) Design Hierarchy Analysis
  4) HDL Analysis
  5) HDL Synthesis
     5.1) HDL Synthesis Report
  6) Advanced HDL Synthesis
     6.1) Advanced HDL Synthesis Report
  7) Low Level Synthesis
  8) Partition Report
  9) Final Report
	9.1) Device utilization summary
	9.2) Partition Resource Summary
	9.3) TIMING REPORT


=========================================================================
*                      Synthesis Options Summary                        *
=========================================================================
---- Source Parameters
Input File Name                    : "johnson_leds.prj"
Input Format                       : mixed
Ignore Synthesis Constraint File   : NO

---- Target Parameters
Output File Name                   : "johnson_leds"
Output Format                      : NGC
Target Device                      : xc3s500e-4-fg320

---- Source Options
Top Module Name                    : johnson_leds
Automatic FSM Extraction           : YES
FSM Encoding Algorithm             : Auto
Safe Implementation                : No
FSM Style                          : LUT
RAM Extraction                     : Yes
RAM Style                          : Auto
ROM Extraction                     : Yes
Mux Style                          : Auto
Decoder Extraction                 : YES
Priority Encoder Extraction        : Yes
Shift Register Extraction          : YES
Logical Shifter Extraction         : YES
XOR Collapsing                     : YES
ROM Style                          : Auto
Mux Extraction                     : Yes
Resource Sharing                   : YES
Asynchronous To Synchronous        : NO
Multiplier Style                   : Auto
Automatic Register Balancing       : No

---- Target Options
Add IO Buffers                     : YES
Global Maximum Fanout              : 100000
Add Generic Clock Buffer(BUFG)     : 24
Register Duplication               : YES
Slice Packing                      : YES
Optimize Instantiated Primitives   : NO
Use Clock Enable                   : Yes
Use Synchronous Set                : Yes
Use Synchronous Reset              : Yes
Pack IO Registers into IOBs        : Auto
Equivalent register Removal        : YES

---- General Options
Optimization Goal                  : Speed
Optimization Effort                : 1
Keep Hierarchy                     : No
Netlist Hierarchy                  : As_Optimized
RTL Output                         : Yes
Global Optimization                : AllClockNets
Read Cores                         : YES
Write Timing Constraints           : NO
Cross Clock Analysis               : NO
Hierarchy Separator                : /
Bus Delimiter                      : <>
Case Specifier                     : Maintain
Slice Utilization Ratio            : 100
BRAM Utilization Ratio             : 100
Verilog 2001                       : YES
Auto BRAM Packing                  : NO
Slice Utilization Ratio Delta      : 5

=========================================================================


=========================================================================
*                          HDL Compilation                              *
=========================================================================
Compiling vhdl file "G:/ise_proj/prj2/sequence_led.vhd" in Library work.
Entity <johnson_leds> compiled.
Entity <johnson_leds> (Architecture <behavior1>) compiled.

=========================================================================
*                     Design Hierarchy Analysis                         *
=========================================================================
Analyzing hierarchy for entity <johnson_leds> in library <work> (architecture <behavior1>).


=========================================================================
*                            HDL Analysis                               *
=========================================================================
Analyzing Entity <johnson_leds> in library <work> (Architecture <behavior1>).
Entity <johnson_leds> analyzed. Unit <johnson_leds> generated.


=========================================================================
*                           HDL Synthesis                               *
=========================================================================

Performing bidirectional port resolution...

Synthesizing Unit <johnson_leds>.
    Related source file is "G:/ise_proj/prj2/sequence_led.vhd".
    Found 32-bit up counter for signal <count>.
    Found 32-bit adder for signal <count$addsub0000> created at line 23.
    Found 4-bit register for signal <D>.
    Summary:
	inferred   1 Counter(s).
	inferred   4 D-type flip-flop(s).
	inferred   1 Adder/Subtractor(s).
Unit <johnson_leds> synthesized.


=========================================================================
HDL Synthesis Report

Macro Statistics
# Adders/Subtractors                                   : 1
 32-bit adder                                          : 1
# Counters                                             : 1
 32-bit up counter                                     : 1
# Registers                                            : 4
 1-bit register                                        : 4

=========================================================================

=========================================================================
*                       Advanced HDL Synthesis                          *
=========================================================================


=========================================================================
Advanced HDL Synthesis Report

Macro Statistics
# Adders/Subtractors                                   : 1
 32-bit adder                                          : 1
# Counters                                             : 1
 32-bit up counter                                     : 1
# Registers                                            : 4
 Flip-Flops                                            : 4

=========================================================================

=========================================================================
*                         Low Level Synthesis                           *
=========================================================================

Optimizing unit <johnson_leds> ...

Mapping all equations...
Building and optimizing final netlist ...
Found area constraint ratio of 100 (+ 5) on block johnson_leds, actual ratio is 1.

Final Macro Processing ...

=========================================================================
Final Register Report

Macro Statistics
# Registers                                            : 36
 Flip-Flops                                            : 36

=========================================================================

=========================================================================
*                           Partition Report                            *
=========================================================================

Partition Implementation Status
-------------------------------

  No Partitions were found in this design.

-------------------------------

=========================================================================
*                            Final Report                               *
=========================================================================
Final Results
RTL Top Level Output File Name     : johnson_leds.ngr
Top Level Output File Name         : johnson_leds
Output Format                      : NGC
Optimization Goal                  : Speed
Keep Hierarchy                     : No

Design Statistics
# IOs                              : 6

Cell Usage :
# BELS                             : 240
#      GND                         : 1
#      INV                         : 2
#      LUT1                        : 62
#      LUT2                        : 32
#      LUT4                        : 8
#      MUXCY                       : 70
#      VCC                         : 1
#      XORCY                       : 64
# FlipFlops/Latches                : 36
#      FDC                         : 32
#      FDCE                        : 3
#      FDPE                        : 1
# Clock Buffers                    : 1
#      BUFGP                       : 1
# IO Buffers                       : 5
#      IBUF                        : 1
#      OBUF                        : 4
=========================================================================

Device utilization summary:
---------------------------

Selected Device : 3s500efg320-4 

 Number of Slices:                       57  out of   4656     1%  
 Number of Slice Flip Flops:             36  out of   9312     0%  
 Number of 4 input LUTs:                104  out of   9312     1%  
 Number of IOs:                           6
 Number of bonded IOBs:                   6  out of    232     2%  
 Number of GCLKs:                         1  out of     24     4%  

---------------------------
Partition Resource Summary:
---------------------------

  No Partitions were found in this design.

---------------------------


=========================================================================
TIMING REPORT

NOTE: THESE TIMING NUMBERS ARE ONLY A SYNTHESIS ESTIMATE.
      FOR ACCURATE TIMING INFORMATION PLEASE REFER TO THE TRACE REPORT
      GENERATED AFTER PLACE-and-ROUTE.

Clock Information:
------------------
-----------------------------------+------------------------+-------+
Clock Signal                       | Clock buffer(FF name)  | Load  |
-----------------------------------+------------------------+-------+
clk                                | BUFGP                  | 36    |
-----------------------------------+------------------------+-------+

Asynchronous Control Signals Information:
----------------------------------------
-----------------------------------+------------------------+-------+
Control Signal                     | Buffer(FF name)        | Load  |
-----------------------------------+------------------------+-------+
rst                                | IBUF                   | 36    |
-----------------------------------+------------------------+-------+

Timing Summary:
---------------
Speed Grade: -4

   Minimum period: 9.114ns (Maximum Frequency: 109.716MHz)
   Minimum input arrival time before clock: No path found
   Maximum output required time after clock: 4.310ns
   Maximum combinational path delay: No path found

Timing Detail:
--------------
All values displayed in nanoseconds (ns)

=========================================================================
Timing constraint: Default period analysis for Clock 'clk'
  Clock period: 9.114ns (frequency: 109.716MHz)
  Total number of paths / destination ports: 19540 / 40
-------------------------------------------------------------------------
Delay:               9.114ns (Levels of Logic = 35)
  Source:            count_1 (FF)
  Destination:       count_0 (FF)
  Source Clock:      clk rising
  Destination Clock: clk rising

  Data Path: count_1 to count_0
                                Gate     Net
    Cell:in->out      fanout   Delay   Delay  Logical Name (Net Name)
    ----------------------------------------  ------------
     FDC:C->Q              2   0.591   0.622  count_1 (count_1)
     LUT1:I0->O            1   0.704   0.000  Madd_count_addsub0000_cy<1>_rt (Madd_count_addsub0000_cy<1>_rt)
     MUXCY:S->O            1   0.464   0.000  Madd_count_addsub0000_cy<1> (Madd_count_addsub0000_cy<1>)
     MUXCY:CI->O           1   0.059   0.000  Madd_count_addsub0000_cy<2> (Madd_count_addsub0000_cy<2>)
     MUXCY:CI->O           1   0.059   0.000  Madd_count_addsub0000_cy<3> (Madd_count_addsub0000_cy<3>)
     MUXCY:CI->O           1   0.059   0.000  Madd_count_addsub0000_cy<4> (Madd_count_addsub0000_cy<4>)
     MUXCY:CI->O           1   0.059   0.000  Madd_count_addsub0000_cy<5> (Madd_count_addsub0000_cy<5>)
     MUXCY:CI->O           1   0.059   0.000  Madd_count_addsub0000_cy<6> (Madd_count_addsub0000_cy<6>)
     MUXCY:CI->O           1   0.059   0.000  Madd_count_addsub0000_cy<7> (Madd_count_addsub0000_cy<7>)
     MUXCY:CI->O           1   0.059   0.000  Madd_count_addsub0000_cy<8> (Madd_count_addsub0000_cy<8>)
     MUXCY:CI->O           1   0.059   0.000  Madd_count_addsub0000_cy<9> (Madd_count_addsub0000_cy<9>)
     MUXCY:CI->O           1   0.059   0.000  Madd_count_addsub0000_cy<10> (Madd_count_addsub0000_cy<10>)
     MUXCY:CI->O           1   0.059   0.000  Madd_count_addsub0000_cy<11> (Madd_count_addsub0000_cy<11>)
     MUXCY:CI->O           1   0.059   0.000  Madd_count_addsub0000_cy<12> (Madd_count_addsub0000_cy<12>)
     MUXCY:CI->O           1   0.059   0.000  Madd_count_addsub0000_cy<13> (Madd_count_addsub0000_cy<13>)
     MUXCY:CI->O           1   0.059   0.000  Madd_count_addsub0000_cy<14> (Madd_count_addsub0000_cy<14>)
     MUXCY:CI->O           1   0.059   0.000  Madd_count_addsub0000_cy<15> (Madd_count_addsub0000_cy<15>)
     MUXCY:CI->O           1   0.059   0.000  Madd_count_addsub0000_cy<16> (Madd_count_addsub0000_cy<16>)
     MUXCY:CI->O           1   0.059   0.000  Madd_count_addsub0000_cy<17> (Madd_count_addsub0000_cy<17>)
     MUXCY:CI->O           1   0.059   0.000  Madd_count_addsub0000_cy<18> (Madd_count_addsub0000_cy<18>)
     MUXCY:CI->O           1   0.059   0.000  Madd_count_addsub0000_cy<19> (Madd_count_addsub0000_cy<19>)
     MUXCY:CI->O           1   0.059   0.000  Madd_count_addsub0000_cy<20> (Madd_count_addsub0000_cy<20>)
     MUXCY:CI->O           1   0.059   0.000  Madd_count_addsub0000_cy<21> (Madd_count_addsub0000_cy<21>)
     MUXCY:CI->O           1   0.059   0.000  Madd_count_addsub0000_cy<22> (Madd_count_addsub0000_cy<22>)
     MUXCY:CI->O           1   0.059   0.000  Madd_count_addsub0000_cy<23> (Madd_count_addsub0000_cy<23>)
     MUXCY:CI->O           1   0.059   0.000  Madd_count_addsub0000_cy<24> (Madd_count_addsub0000_cy<24>)
     MUXCY:CI->O           1   0.059   0.000  Madd_count_addsub0000_cy<25> (Madd_count_addsub0000_cy<25>)
     MUXCY:CI->O           1   0.059   0.000  Madd_count_addsub0000_cy<26> (Madd_count_addsub0000_cy<26>)
     MUXCY:CI->O           1   0.059   0.000  Madd_count_addsub0000_cy<27> (Madd_count_addsub0000_cy<27>)
     MUXCY:CI->O           1   0.059   0.000  Madd_count_addsub0000_cy<28> (Madd_count_addsub0000_cy<28>)
     MUXCY:CI->O           1   0.059   0.000  Madd_count_addsub0000_cy<29> (Madd_count_addsub0000_cy<29>)
     MUXCY:CI->O           0   0.059   0.000  Madd_count_addsub0000_cy<30> (Madd_count_addsub0000_cy<30>)
     XORCY:CI->O           1   0.804   0.424  Madd_count_addsub0000_xor<31> (count_addsub0000<31>)
     LUT4:I3->O            1   0.704   0.000  count_cmp_eq0000_wg_lut<7> (count_cmp_eq0000_wg_lut<7>)
     MUXCY:S->O           36   0.736   1.342  count_cmp_eq0000_wg_cy<7> (count_cmp_eq0000)
     LUT2:I1->O            1   0.704   0.000  Mcount_count_eqn_91 (Mcount_count_eqn_9)
     FDC:D                     0.308          count_9
    ----------------------------------------
    Total                      9.114ns (6.726ns logic, 2.388ns route)
                                       (73.8% logic, 26.2% route)

=========================================================================
Timing constraint: Default OFFSET OUT AFTER for Clock 'clk'
  Total number of paths / destination ports: 4 / 4
-------------------------------------------------------------------------
Offset:              4.310ns (Levels of Logic = 1)
  Source:            D_3 (FF)
  Destination:       Q<3> (PAD)
  Source Clock:      clk rising

  Data Path: D_3 to Q<3>
                                Gate     Net
    Cell:in->out      fanout   Delay   Delay  Logical Name (Net Name)
    ----------------------------------------  ------------
     FDCE:C->Q             2   0.591   0.447  D_3 (D_3)
     OBUF:I->O                 3.272          Q_3_OBUF (Q<3>)
    ----------------------------------------
    Total                      4.310ns (3.863ns logic, 0.447ns route)
                                       (89.6% logic, 10.4% route)

=========================================================================


Total REAL time to Xst completion: 3.00 secs
Total CPU time to Xst completion: 3.55 secs
 
--> 

Total memory usage is 4500376 kilobytes

Number of errors   :    0 (   0 filtered)
Number of warnings :    0 (   0 filtered)
Number of infos    :    0 (   0 filtered)

