Release 14.7 - xst P.20131013 (nt64)
Copyright (c) 1995-2013 Xilinx, Inc.  All rights reserved.
--> Parameter TMPDIR set to xst/projnav.tmp


Total REAL time to Xst completion: 0.00 secs
Total CPU time to Xst completion: 0.06 secs
 
--> Parameter xsthdpdir set to xst


Total REAL time to Xst completion: 0.00 secs
Total CPU time to Xst completion: 0.06 secs
 
--> Reading design: sequence_led.prj

TABLE OF CONTENTS
  1) Synthesis Options Summary
  2) HDL Parsing
  3) HDL Elaboration
  4) HDL Synthesis
       4.1) HDL Synthesis Report
  5) Advanced HDL Synthesis
       5.1) Advanced HDL Synthesis Report
  6) Low Level Synthesis
  7) Partition Report
  8) Design Summary
       8.1) Primitive and Black Box Usage
       8.2) Device utilization summary
       8.3) Partition Resource Summary
       8.4) Timing Report
            8.4.1) Clock Information
            8.4.2) Asynchronous Control Signals Information
            8.4.3) Timing Summary
            8.4.4) Timing Details
            8.4.5) Cross Clock Domains Report


=========================================================================
*                      Synthesis Options Summary                        *
=========================================================================
---- Source Parameters
Input File Name                    : "sequence_led.prj"
Ignore Synthesis Constraint File   : NO

---- Target Parameters
Output File Name                   : "sequence_led"
Output Format                      : NGC
Target Device                      : xa7a100t-2I-csg324

---- Source Options
Top Module Name                    : sequence_led
Automatic FSM Extraction           : YES
FSM Encoding Algorithm             : Auto
Safe Implementation                : No
FSM Style                          : LUT
RAM Extraction                     : Yes
RAM Style                          : Auto
ROM Extraction                     : Yes
Shift Register Extraction          : YES
ROM Style                          : Auto
Resource Sharing                   : YES
Asynchronous To Synchronous        : NO
Shift Register Minimum Size        : 2
Use DSP Block                      : Auto
Automatic Register Balancing       : No

---- Target Options
LUT Combining                      : Auto
Reduce Control Sets                : Auto
Add IO Buffers                     : YES
Global Maximum Fanout              : 100000
Add Generic Clock Buffer(BUFG)     : 32
Register Duplication               : YES
Optimize Instantiated Primitives   : NO
Use Clock Enable                   : Auto
Use Synchronous Set                : Auto
Use Synchronous Reset              : Auto
Pack IO Registers into IOBs        : Auto
Equivalent register Removal        : YES

---- General Options
Optimization Goal                  : Speed
Optimization Effort                : 1
Power Reduction                    : NO
Keep Hierarchy                     : No
Netlist Hierarchy                  : As_Optimized
RTL Output                         : Yes
Global Optimization                : AllClockNets
Read Cores                         : YES
Write Timing Constraints           : NO
Cross Clock Analysis               : NO
Hierarchy Separator                : /
Bus Delimiter                      : <>
Case Specifier                     : Maintain
Slice Utilization Ratio            : 100
BRAM Utilization Ratio             : 100
DSP48 Utilization Ratio            : 100
Auto BRAM Packing                  : NO
Slice Utilization Ratio Delta      : 5

=========================================================================


=========================================================================
*                          HDL Parsing                                  *
=========================================================================
Parsing VHDL file "G:\ise_proj\prj2\sequence_led.vhd" into library work
Parsing entity <sequence_led>.
Parsing architecture <behavior1> of entity <sequence_led>.

=========================================================================
*                            HDL Elaboration                            *
=========================================================================

Elaborating entity <sequence_led> (architecture <behavior1>) from library <work>.

=========================================================================
*                           HDL Synthesis                               *
=========================================================================

Synthesizing Unit <sequence_led>.
    Related source file is "G:\ise_proj\prj2\sequence_led.vhd".
    Found 32-bit register for signal <count>.
    Found 3-bit register for signal <led_out>.
    Found 32-bit adder for signal <count[31]_GND_4_o_add_0_OUT> created at line 27.
    Summary:
	inferred   1 Adder/Subtractor(s).
	inferred  35 D-type flip-flop(s).
	inferred   3 Multiplexer(s).
Unit <sequence_led> synthesized.

=========================================================================
HDL Synthesis Report

Macro Statistics
# Adders/Subtractors                                   : 1
 32-bit adder                                          : 1
# Registers                                            : 2
 3-bit register                                        : 1
 32-bit register                                       : 1
# Multiplexers                                         : 3
 1-bit 2-to-1 multiplexer                              : 3

=========================================================================

=========================================================================
*                       Advanced HDL Synthesis                          *
=========================================================================

WARNING:Xst - The specified part-type was not generated at build time. XST is loading the full part-type and will therefore consume more CPU and memory.
Loading device for application Rf_Device from file '7a100t.nph' in environment C:\Xilinx\14.7\ISE_DS\ISE\.
Loading device for application Rf_Device from file '7a100t.nph' in environment C:\Xilinx\14.7\ISE_DS\ISE\.

Synthesizing (advanced) Unit <sequence_led>.
The following registers are absorbed into counter <count>: 1 register on signal <count>.
Unit <sequence_led> synthesized (advanced).

=========================================================================
Advanced HDL Synthesis Report

Macro Statistics
# Adders/Subtractors                                   : 1
 32-bit adder                                          : 1
# Counters                                             : 1
 32-bit up counter                                     : 1
# Registers                                            : 3
 Flip-Flops                                            : 3

=========================================================================

=========================================================================
*                         Low Level Synthesis                           *
=========================================================================

Optimizing unit <sequence_led> ...

Mapping all equations...
Building and optimizing final netlist ...
Found area constraint ratio of 100 (+ 5) on block sequence_led, actual ratio is 0.

Final Macro Processing ...

=========================================================================
Final Register Report

Macro Statistics
# Registers                                            : 35
 Flip-Flops                                            : 35

=========================================================================

=========================================================================
*                           Partition Report                            *
=========================================================================

Partition Implementation Status
-------------------------------

  No Partitions were found in this design.

-------------------------------

=========================================================================
*                            Design Summary                             *
=========================================================================

Top Level Output File Name         : sequence_led.ngc

Primitive and Black Box Usage:
------------------------------
# BELS                             : 209
#      GND                         : 1
#      INV                         : 2
#      LUT1                        : 62
#      LUT3                        : 1
#      LUT4                        : 2
#      LUT5                        : 2
#      LUT6                        : 12
#      MUXCY                       : 62
#      VCC                         : 1
#      XORCY                       : 64
# FlipFlops/Latches                : 35
#      FDC                         : 35
# Clock Buffers                    : 1
#      BUFGP                       : 1
# IO Buffers                       : 4
#      IBUF                        : 1
#      OBUF                        : 3

Device utilization summary:
---------------------------

Selected Device : xa7a100tcsg324-2i 


Slice Logic Utilization: 
 Number of Slice Registers:              35  out of  126800     0%  
 Number of Slice LUTs:                   81  out of  63400     0%  
    Number used as Logic:                81  out of  63400     0%  

Slice Logic Distribution: 
 Number of LUT Flip Flop pairs used:     81
   Number with an unused Flip Flop:      46  out of     81    56%  
   Number with an unused LUT:             0  out of     81     0%  
   Number of fully used LUT-FF pairs:    35  out of     81    43%  
   Number of unique control sets:         1

IO Utilization: 
 Number of IOs:                           5
 Number of bonded IOBs:                   5  out of    210     2%  

Specific Feature Utilization:
 Number of BUFG/BUFGCTRLs:                1  out of     32     3%  

---------------------------
Partition Resource Summary:
---------------------------

  No Partitions were found in this design.

---------------------------


=========================================================================
Timing Report

NOTE: THESE TIMING NUMBERS ARE ONLY A SYNTHESIS ESTIMATE.
      FOR ACCURATE TIMING INFORMATION PLEASE REFER TO THE TRACE REPORT
      GENERATED AFTER PLACE-and-ROUTE.

Clock Information:
------------------
-----------------------------------+------------------------+-------+
Clock Signal                       | Clock buffer(FF name)  | Load  |
-----------------------------------+------------------------+-------+
clk                                | BUFGP                  | 35    |
-----------------------------------+------------------------+-------+

Asynchronous Control Signals Information:
----------------------------------------
No asynchronous control signals found in this design

Timing Summary:
---------------
Speed Grade: -2

   Minimum period: 3.575ns (Maximum Frequency: 279.736MHz)
   Minimum input arrival time before clock: 0.819ns
   Maximum output required time after clock: 0.705ns
   Maximum combinational path delay: No path found

Timing Details:
---------------
All values displayed in nanoseconds (ns)

=========================================================================
Timing constraint: Default period analysis for Clock 'clk'
  Clock period: 3.575ns (frequency: 279.736MHz)
  Total number of paths / destination ports: 2115 / 35
-------------------------------------------------------------------------
Delay:               3.575ns (Levels of Logic = 18)
  Source:            count_0 (FF)
  Destination:       led_out_sig_1 (FF)
  Source Clock:      clk rising
  Destination Clock: clk rising

  Data Path: count_0 to led_out_sig_1
                                Gate     Net
    Cell:in->out      fanout   Delay   Delay  Logical Name (Net Name)
    ----------------------------------------  ------------
     FDC:C->Q              2   0.361   0.344  count_0 (count_0)
     INV:I->O              1   0.113   0.000  Madd_count[31]_GND_4_o_add_0_OUT_lut<0>_INV_0 (Madd_count[31]_GND_4_o_add_0_OUT_lut<0>)
     MUXCY:S->O            1   0.353   0.000  Madd_count[31]_GND_4_o_add_0_OUT_cy<0> (Madd_count[31]_GND_4_o_add_0_OUT_cy<0>)
     MUXCY:CI->O           1   0.023   0.000  Madd_count[31]_GND_4_o_add_0_OUT_cy<1> (Madd_count[31]_GND_4_o_add_0_OUT_cy<1>)
     MUXCY:CI->O           1   0.023   0.000  Madd_count[31]_GND_4_o_add_0_OUT_cy<2> (Madd_count[31]_GND_4_o_add_0_OUT_cy<2>)
     MUXCY:CI->O           1   0.023   0.000  Madd_count[31]_GND_4_o_add_0_OUT_cy<3> (Madd_count[31]_GND_4_o_add_0_OUT_cy<3>)
     MUXCY:CI->O           1   0.023   0.000  Madd_count[31]_GND_4_o_add_0_OUT_cy<4> (Madd_count[31]_GND_4_o_add_0_OUT_cy<4>)
     MUXCY:CI->O           1   0.023   0.000  Madd_count[31]_GND_4_o_add_0_OUT_cy<5> (Madd_count[31]_GND_4_o_add_0_OUT_cy<5>)
     MUXCY:CI->O           1   0.023   0.000  Madd_count[31]_GND_4_o_add_0_OUT_cy<6> (Madd_count[31]_GND_4_o_add_0_OUT_cy<6>)
     MUXCY:CI->O           1   0.023   0.000  Madd_count[31]_GND_4_o_add_0_OUT_cy<7> (Madd_count[31]_GND_4_o_add_0_OUT_cy<7>)
     MUXCY:CI->O           1   0.023   0.000  Madd_count[31]_GND_4_o_add_0_OUT_cy<8> (Madd_count[31]_GND_4_o_add_0_OUT_cy<8>)
     MUXCY:CI->O           1   0.023   0.000  Madd_count[31]_GND_4_o_add_0_OUT_cy<9> (Madd_count[31]_GND_4_o_add_0_OUT_cy<9>)
     MUXCY:CI->O           1   0.023   0.000  Madd_count[31]_GND_4_o_add_0_OUT_cy<10> (Madd_count[31]_GND_4_o_add_0_OUT_cy<10>)
     MUXCY:CI->O           1   0.023   0.000  Madd_count[31]_GND_4_o_add_0_OUT_cy<11> (Madd_count[31]_GND_4_o_add_0_OUT_cy<11>)
     MUXCY:CI->O           1   0.023   0.000  Madd_count[31]_GND_4_o_add_0_OUT_cy<12> (Madd_count[31]_GND_4_o_add_0_OUT_cy<12>)
     XORCY:CI->O           2   0.370   0.748  Madd_count[31]_GND_4_o_add_0_OUT_xor<13> (count[31]_GND_4_o_add_0_OUT<13>)
     LUT5:I0->O            1   0.097   0.355  led_out_sig[1]_led_out_sig[1]_MUX_2_o4_SW0 (N22)
     LUT6:I5->O            1   0.097   0.355  led_out_sig[0]_led_out_sig[0]_MUX_3_o74_SW1 (N16)
     LUT6:I5->O            1   0.097   0.000  led_out_sig[1]_led_out_sig[1]_MUX_2_o5 (led_out_sig[1]_led_out_sig[1]_MUX_2_o)
     FDC:D                     0.008          led_out_sig_1
    ----------------------------------------
    Total                      3.575ns (1.772ns logic, 1.803ns route)
                                       (49.6% logic, 50.4% route)

=========================================================================
Timing constraint: Default OFFSET IN BEFORE for Clock 'clk'
  Total number of paths / destination ports: 35 / 35
-------------------------------------------------------------------------
Offset:              0.819ns (Levels of Logic = 1)
  Source:            rst (PAD)
  Destination:       led_out_sig_0 (FF)
  Destination Clock: clk rising

  Data Path: rst to led_out_sig_0
                                Gate     Net
    Cell:in->out      fanout   Delay   Delay  Logical Name (Net Name)
    ----------------------------------------  ------------
     IBUF:I->O            35   0.001   0.469  rst_IBUF (rst_IBUF)
     FDC:CLR                   0.349          led_out_sig_0
    ----------------------------------------
    Total                      0.819ns (0.350ns logic, 0.469ns route)
                                       (42.7% logic, 57.3% route)

=========================================================================
Timing constraint: Default OFFSET OUT AFTER for Clock 'clk'
  Total number of paths / destination ports: 3 / 3
-------------------------------------------------------------------------
Offset:              0.705ns (Levels of Logic = 1)
  Source:            led_out_sig_2 (FF)
  Destination:       led_out<2> (PAD)
  Source Clock:      clk rising

  Data Path: led_out_sig_2 to led_out<2>
                                Gate     Net
    Cell:in->out      fanout   Delay   Delay  Logical Name (Net Name)
    ----------------------------------------  ------------
     FDC:C->Q              2   0.361   0.344  led_out_sig_2 (led_out_sig_2)
     OBUF:I->O                 0.000          led_out_2_OBUF (led_out<2>)
    ----------------------------------------
    Total                      0.705ns (0.361ns logic, 0.344ns route)
                                       (51.2% logic, 48.8% route)

=========================================================================

Cross Clock Domains Report:
--------------------------

Clock to Setup on destination clock clk
---------------+---------+---------+---------+---------+
               | Src:Rise| Src:Fall| Src:Rise| Src:Fall|
Source Clock   |Dest:Rise|Dest:Rise|Dest:Fall|Dest:Fall|
---------------+---------+---------+---------+---------+
clk            |    3.575|         |         |         |
---------------+---------+---------+---------+---------+

=========================================================================


Total REAL time to Xst completion: 19.00 secs
Total CPU time to Xst completion: 18.88 secs
 
--> 

Total memory usage is 4991480 kilobytes

Number of errors   :    0 (   0 filtered)
Number of warnings :    1 (   0 filtered)
Number of infos    :    0 (   0 filtered)

