 
****************************************
Report : qor
Design : mips_16
Version: G-2012.06-SP2
Date   : Sun Apr  2 10:17:09 2017
****************************************


  Timing Path Group 'clk'
  -----------------------------------
  Levels of Logic:               7.00
  Critical Path Length:          0.34
  Critical Path Slack:           0.45
  Critical Path Clk Period:      2.00
  Total Negative Slack:          0.00
  No. of Violating Paths:        0.00
  Worst Hold Violation:         -0.05
  Total Hold Violation:       -178.95
  No. of Hold Violations:     4227.00
  -----------------------------------


  Cell Count
  -----------------------------------
  Hierarchical Cell Count:          9
  Hierarchical Port Count:        328
  Leaf Cell Count:              18810
  Buf/Inv Cell Count:            5284
  CT Buf/Inv Cell Count:            0
  Combinational Cell Count:     14570
  Sequential Cell Count:         4240
  Macro Count:                      0
  -----------------------------------


  Area
  -----------------------------------
  Combinational Area:    17467.688128
  Noncombinational Area: 19288.191353
  Buf/Inv Area:           3025.750006
  Net Area:                  0.000000
  -----------------------------------
  Cell Area:             36755.879481
  Design Area:           36755.879481


  Design Rules
  -----------------------------------
  Total Number of Nets:         18859
  Nets With Violations:             0
  Max Trans Violations:             0
  Max Cap Violations:               0
  -----------------------------------


  Hostname: localhost.localdomain

  Compile CPU Statistics
  -----------------------------------------
  Resource Sharing:                    1.86
  Logic Optimization:                  5.74
  Mapping Optimization:                7.48
  -----------------------------------------
  Overall Compile Time:               17.68
  Overall Compile Wall Clock Time:    18.23

1
